<?xml version="1.0" encoding="UTF-8"?>
<!-- Generated by org.testng.reporters.JUnitReportReporter -->
<testsuite skipped="0" hostname="DESKTOP-PDTQVS4" name="com.crm.testcases.Verify_Login_Logout" tests="3" failures="0" timestamp="14 Apr 2018 10:27:09 GMT" time="55.540" errors="0">
  <testcase name="loginPageTitle" time="15.094" classname="com.crm.testcases.Verify_Login_Logout"/>
  <testcase name="crmImageLogo" time="17.112" classname="com.crm.testcases.Verify_Login_Logout"/>
  <testcase name="login" time="23.334" classname="com.crm.testcases.Verify_Login_Logout"/>
</testsuite> <!-- com.crm.testcases.Verify_Login_Logout -->
